<?xml version="1.0" encoding="UTF-8"?>
<testng-results ignored="0" total="1" passed="1" failed="0" skipped="0">
  <reporter-output>
    <line>
      <![CDATA[CreateCustomer]]>
    </line>
  </reporter-output>
  <suite started-at="2023-01-06T15:38:56 IST" name="Default suite" finished-at="2023-01-06T15:38:56 IST" duration-ms="167">
    <groups>
    </groups>
    <test started-at="2023-01-06T15:38:56 IST" name="Default test" finished-at="2023-01-06T15:38:56 IST" duration-ms="167">
      <class name="com.crm.actitime.CreateCustomer">
        <test-method signature="createCustomer()[pri:0, instance:com.crm.actitime.CreateCustomer@e7edb54]" started-at="2023-01-06T15:38:56 IST" name="createCustomer" finished-at="2023-01-06T15:38:56 IST" duration-ms="28" status="PASS">
          <reporter-output>
            <line>
              <![CDATA[CreateCustomer]]>
            </line>
          </reporter-output>
        </test-method> <!-- createCustomer -->
      </class> <!-- com.crm.actitime.CreateCustomer -->
    </test> <!-- Default test -->
  </suite> <!-- Default suite -->
</testng-results>
